[2022-10-07 17:34:27] laravel.EMERGENCY: Unable to create configured logger. Using emergency logger. {"exception":"[object] (InvalidArgumentException(code: 0): Log [] is not defined. at /home/htmlmanage/public_html/vendor/laravel/framework/src/Illuminate/Log/LogManager.php:192)
[stacktrace]
#0 /home/htmlmanage/public_html/vendor/laravel/framework/src/Illuminate/Log/LogManager.php(118): Illuminate\\Log\\LogManager->resolve(NULL)
#1 /home/htmlmanage/public_html/vendor/laravel/framework/src/Illuminate/Log/LogManager.php(98): Illuminate\\Log\\LogManager->get(NULL)
#2 /home/htmlmanage/public_html/vendor/laravel/framework/src/Illuminate/Log/LogManager.php(551): Illuminate\\Log\\LogManager->driver()
#3 /home/htmlmanage/public_html/vendor/laravel/framework/src/Illuminate/Foundation/Exceptions/Handler.php(242): Illuminate\\Log\\LogManager->error('syntax error, u...', Array)
#4 /home/htmlmanage/public_html/app/Exceptions/Handler.php(38): Illuminate\\Foundation\\Exceptions\\Handler->report(Object(ParseError))
#5 /home/htmlmanage/public_html/vendor/laravel/framework/src/Illuminate/Foundation/Console/Kernel.php(366): App\\Exceptions\\Handler->report(Object(ParseError))
#6 /home/htmlmanage/public_html/vendor/laravel/framework/src/Illuminate/Foundation/Console/Kernel.php(131): Illuminate\\Foundation\\Console\\Kernel->reportException(Object(ParseError))
#7 /home/htmlmanage/public_html/artisan(37): Illuminate\\Foundation\\Console\\Kernel->handle(Object(Symfony\\Component\\Console\\Input\\ArgvInput), Object(Symfony\\Component\\Console\\Output\\ConsoleOutput))
#8 {main}
"} 
[2022-10-07 17:34:27] laravel.ERROR: syntax error, unexpected ''reporting'' (T_CONSTANT_ENCAPSED_STRING), expecting ']' {"exception":"[object] (ParseError(code: 0): syntax error, unexpected ''reporting'' (T_CONSTANT_ENCAPSED_STRING), expecting ']' at /home/htmlmanage/public_html/config/flare.php:28)
[stacktrace]
#0 /home/htmlmanage/public_html/vendor/laravel/framework/src/Illuminate/Foundation/Bootstrap/LoadConfiguration.php(39): Illuminate\\Foundation\\Bootstrap\\LoadConfiguration->loadConfigurationFiles(Object(Illuminate\\Foundation\\Application), Object(Illuminate\\Config\\Repository))
#1 /home/htmlmanage/public_html/vendor/laravel/framework/src/Illuminate/Foundation/Application.php(230): Illuminate\\Foundation\\Bootstrap\\LoadConfiguration->bootstrap(Object(Illuminate\\Foundation\\Application))
#2 /home/htmlmanage/public_html/vendor/laravel/framework/src/Illuminate/Foundation/Console/Kernel.php(310): Illuminate\\Foundation\\Application->bootstrapWith(Array)
#3 /home/htmlmanage/public_html/vendor/laravel/framework/src/Illuminate/Foundation/Console/Kernel.php(127): Illuminate\\Foundation\\Console\\Kernel->bootstrap()
#4 /home/htmlmanage/public_html/artisan(37): Illuminate\\Foundation\\Console\\Kernel->handle(Object(Symfony\\Component\\Console\\Input\\ArgvInput), Object(Symfony\\Component\\Console\\Output\\ConsoleOutput))
#5 {main}
"} 
